<?xml version="1.0" encoding="UTF-8"?>
<!-- Generated by org.testng.reporters.JUnitReportReporter -->
<testsuite hostname="DESKTOP-NKHHBDT" failures="0" tests="6" name="testWeather.testWeather" time="18.407" errors="0" timestamp="21 Apr 2021 13:02:54 GMT" skipped="0">
  <testcase classname="testWeather.testWeather" name="getWeather" time="1.089"/>
  <testcase classname="testWeather.testWeather" name="getWeather" time="1.285"/>
  <testcase classname="testWeather.testWeather" name="getWeather" time="0.837"/>
  <testcase classname="testWeather.testWeather" name="getWeather" time="1.167"/>
  <testcase classname="testWeather.testWeather" name="getWeather" time="12.963"/>
  <testcase classname="testWeather.testWeather" name="getWeather" time="1.066"/>
</testsuite> <!-- testWeather.testWeather -->
